Determining if the pthread_create exist failed with the following output:
Change Dir: /home/workspace/Home_Service_Robot/catkin_ws/build/CMakeFiles/CMakeTmp

Run Build Command:"/usr/bin/make" "cmTC_389ed/fast"
/usr/bin/make -f CMakeFiles/cmTC_389ed.dir/build.make CMakeFiles/cmTC_389ed.dir/build
make[1]: Entering directory '/home/workspace/Home_Service_Robot/catkin_ws/build/CMakeFiles/CMakeTmp'
Building C object CMakeFiles/cmTC_389ed.dir/CheckSymbolExists.c.o
/usr/bin/cc     -o CMakeFiles/cmTC_389ed.dir/CheckSymbolExists.c.o   -c /home/workspace/Home_Service_Robot/catkin_ws/build/CMakeFiles/CMakeTmp/CheckSymbolExists.c
Linking C executable cmTC_389ed
/usr/bin/cmake -E cmake_link_script CMakeFiles/cmTC_389ed.dir/link.txt --verbose=1
/usr/bin/cc       CMakeFiles/cmTC_389ed.dir/CheckSymbolExists.c.o  -o cmTC_389ed -rdynamic 
CMakeFiles/cmTC_389ed.dir/CheckSymbolExists.c.o: In function `main':
CheckSymbolExists.c:(.text+0x16): undefined reference to `pthread_create'
collect2: error: ld returned 1 exit status
CMakeFiles/cmTC_389ed.dir/build.make:97: recipe for target 'cmTC_389ed' failed
make[1]: *** [cmTC_389ed] Error 1
make[1]: Leaving directory '/home/workspace/Home_Service_Robot/catkin_ws/build/CMakeFiles/CMakeTmp'
Makefile:126: recipe for target 'cmTC_389ed/fast' failed
make: *** [cmTC_389ed/fast] Error 2

File /home/workspace/Home_Service_Robot/catkin_ws/build/CMakeFiles/CMakeTmp/CheckSymbolExists.c:
/* */
#include <pthread.h>

int main(int argc, char** argv)
{
  (void)argv;
#ifndef pthread_create
  return ((int*)(&pthread_create))[argc];
#else
  (void)argc;
  return 0;
#endif
}

Determining if the function pthread_create exists in the pthreads failed with the following output:
Change Dir: /home/workspace/Home_Service_Robot/catkin_ws/build/CMakeFiles/CMakeTmp

Run Build Command:"/usr/bin/make" "cmTC_f0cad/fast"
/usr/bin/make -f CMakeFiles/cmTC_f0cad.dir/build.make CMakeFiles/cmTC_f0cad.dir/build
make[1]: Entering directory '/home/workspace/Home_Service_Robot/catkin_ws/build/CMakeFiles/CMakeTmp'
Building C object CMakeFiles/cmTC_f0cad.dir/CheckFunctionExists.c.o
/usr/bin/cc    -DCHECK_FUNCTION_EXISTS=pthread_create   -o CMakeFiles/cmTC_f0cad.dir/CheckFunctionExists.c.o   -c /usr/share/cmake-3.5/Modules/CheckFunctionExists.c
Linking C executable cmTC_f0cad
/usr/bin/cmake -E cmake_link_script CMakeFiles/cmTC_f0cad.dir/link.txt --verbose=1
/usr/bin/cc   -DCHECK_FUNCTION_EXISTS=pthread_create    CMakeFiles/cmTC_f0cad.dir/CheckFunctionExists.c.o  -o cmTC_f0cad -rdynamic -lpthreads 
/usr/bin/ld: cannot find -lpthreads
collect2: error: ld returned 1 exit status
CMakeFiles/cmTC_f0cad.dir/build.make:97: recipe for target 'cmTC_f0cad' failed
make[1]: *** [cmTC_f0cad] Error 1
make[1]: Leaving directory '/home/workspace/Home_Service_Robot/catkin_ws/build/CMakeFiles/CMakeTmp'
Makefile:126: recipe for target 'cmTC_f0cad/fast' failed
make: *** [cmTC_f0cad/fast] Error 2


